[0m23:33:17.023665 [debug] [MainThread]: Sending event: {'category': 'dbt', 'action': 'invocation', 'label': 'start', 'context': [<snowplow_tracker.self_describing_json.SelfDescribingJson object at 0x1070562c0>, <snowplow_tracker.self_describing_json.SelfDescribingJson object at 0x1090d5b10>, <snowplow_tracker.self_describing_json.SelfDescribingJson object at 0x1090d5900>]}


============================== 23:33:17.025607 | b7107dc3-fe7c-47c2-b126-f52a6aba8074 ==============================
[0m23:33:17.025607 [info ] [MainThread]: Running with dbt=1.6.5
[0m23:33:17.025904 [debug] [MainThread]: running dbt with arguments {'printer_width': '80', 'indirect_selection': 'eager', 'log_cache_events': 'False', 'write_json': 'True', 'partial_parse': 'True', 'cache_selected_only': 'False', 'profiles_dir': '/Users/thusondube/.dbt', 'fail_fast': 'False', 'warn_error': 'None', 'log_path': 'logs', 'version_check': 'True', 'debug': 'False', 'use_colors': 'True', 'use_experimental_parser': 'False', 'no_print': 'None', 'quiet': 'False', 'log_format': 'default', 'static_parser': 'True', 'invocation_command': 'dbt init', 'warn_error_options': 'WarnErrorOptions(include=[], exclude=[])', 'target_path': 'None', 'introspect': 'True', 'send_anonymous_usage_stats': 'True'}
[0m23:33:17.026180 [warn ] [MainThread]: [ConfigFolderDirectory]: Unable to parse dict {'dir': PosixPath('/Users/thusondube/.dbt')}
[0m23:33:17.026354 [info ] [MainThread]: Creating dbt configuration folder at 
[0m23:33:23.566720 [debug] [MainThread]: Starter project path: /Users/thusondube/Documents/dbt-dev/.venv/lib/python3.10/site-packages/dbt/include/starter_project
[0m23:33:23.577881 [info ] [MainThread]: 
Your new dbt project "bde" was created!

For more information on how to configure the profiles.yml file,
please consult the dbt documentation here:

  https://docs.getdbt.com/docs/configure-your-profile

One more thing:

Need help? Don't hesitate to reach out to us via GitHub issues or on Slack:

  https://community.getdbt.com/

Happy modeling!

[0m23:33:23.578672 [info ] [MainThread]: Setting up your profile.
[0m23:33:35.013381 [info ] [MainThread]: Profile bde written to /Users/thusondube/.dbt/profiles.yml using target's sample configuration. Once updated, you'll be able to start developing with dbt.
[0m23:33:35.014017 [debug] [MainThread]: Command `dbt init` succeeded at 23:33:35.013918 after 18.00 seconds
[0m23:33:35.014304 [debug] [MainThread]: Sending event: {'category': 'dbt', 'action': 'invocation', 'label': 'end', 'context': [<snowplow_tracker.self_describing_json.SelfDescribingJson object at 0x1070562c0>, <snowplow_tracker.self_describing_json.SelfDescribingJson object at 0x107d31f30>, <snowplow_tracker.self_describing_json.SelfDescribingJson object at 0x1090d5c30>]}
[0m23:33:35.014590 [debug] [MainThread]: Flushing usage events
